<?xml version="1.0" encoding="UTF-8"?>
<testng-results skipped="0" failed="0" ignored="0" total="1" passed="1">
  <reporter-output>
  </reporter-output>
  <suite name="Default suite" duration-ms="2661" started-at="2018-09-09T18:40:24Z" finished-at="2018-09-09T18:40:27Z">
    <groups>
    </groups>
    <test name="Default test" duration-ms="2661" started-at="2018-09-09T18:40:24Z" finished-at="2018-09-09T18:40:27Z">
      <class name="com.rest.assured.test.GetCurrentWeatherDataAPI">
        <test-method status="PASS" signature="IntializeBaseURL()[pri:0, instance:com.rest.assured.test.GetCurrentWeatherDataAPI@6fc6f14e]" name="IntializeBaseURL" is-config="true" duration-ms="403" started-at="2018-09-10T01:40:24Z" finished-at="2018-09-10T01:40:25Z">
          <reporter-output>
          </reporter-output>
        </test-method> <!-- IntializeBaseURL -->
        <test-method status="PASS" signature="GetMainPressureByCityName()[pri:0, instance:com.rest.assured.test.GetCurrentWeatherDataAPI@6fc6f14e]" name="GetMainPressureByCityName" duration-ms="2239" started-at="2018-09-10T01:40:25Z" finished-at="2018-09-10T01:40:27Z">
          <reporter-output>
          </reporter-output>
        </test-method> <!-- GetMainPressureByCityName -->
        <test-method status="PASS" signature="resetBaseURL()[pri:0, instance:com.rest.assured.test.GetCurrentWeatherDataAPI@6fc6f14e]" name="resetBaseURL" is-config="true" duration-ms="0" started-at="2018-09-10T01:40:27Z" finished-at="2018-09-10T01:40:27Z">
          <reporter-output>
          </reporter-output>
        </test-method> <!-- resetBaseURL -->
      </class> <!-- com.rest.assured.test.GetCurrentWeatherDataAPI -->
    </test> <!-- Default test -->
  </suite> <!-- Default suite -->
</testng-results>
